info: GET en /chat - function toLocaleTimeString() { [native code] }
info: GET en /favicon.ico - function toLocaleTimeString() { [native code] }
info: GET en /authGithub/github - function toLocaleTimeString() { [native code] }
info: GET en /authGithub/githubSession?code=fdd0fa26b2b6c8f85e22 - function toLocaleTimeString() { [native code] }
info: GET en /api/products - function toLocaleTimeString() { [native code] }
info: GET en /chat - function toLocaleTimeString() { [native code] }
info: GET en /css/styles.css - function toLocaleTimeString() { [native code] }
info: GET en /js/chat.js - function toLocaleTimeString() { [native code] }
info: GET en /js/addProductCart.js - function toLocaleTimeString() { [native code] }
info: GET en /chat - function toLocaleTimeString() { [native code] }
info: GET en /favicon.ico - function toLocaleTimeString() { [native code] }
info: GET in / - function toLocaleTimeString() { [native code] }
info: GET in /login - function toLocaleTimeString() { [native code] }
info: GET in /css/styles.css - function toLocaleTimeString() { [native code] }
info: GET in /js/login.js - function toLocaleTimeString() { [native code] }
info: GET in /js/addProductCart.js - function toLocaleTimeString() { [native code] }
info: GET in /favicon.ico - function toLocaleTimeString() { [native code] }
info: GET in /authGithub/github - function toLocaleTimeString() { [native code] }
info: GET in /authGithub/githubSession?code=5894260bc8ca3905dade - function toLocaleTimeString() { [native code] }
info: GET in /api/products - function toLocaleTimeString() { [native code] }
info: GET in /api/products - function toLocaleTimeString() { [native code] }
info: GET in /products - function toLocaleTimeString() { [native code] }
info: GET in /api/products - function toLocaleTimeString() { [native code] }
info: GET in /chat - function toLocaleTimeString() { [native code] }
info: GET in /css/styles.css - function toLocaleTimeString() { [native code] }
info: GET in /js/chat.js - function toLocaleTimeString() { [native code] }
info: GET in /js/addProductCart.js - function toLocaleTimeString() { [native code] }
info: GET in /realTimeProducts - function toLocaleTimeString() { [native code] }
info: GET in /api/session/changePass - function toLocaleTimeString() { [native code] }
info: GET in /api/session/changePass - function toLocaleTimeString() { [native code] }
info: GET in /api/session/recoverPasswordEmail/:email - function toLocaleTimeString() { [native code] }
info: GET in /api/session/recoverPasswordEmail/guido@rondi.com - function toLocaleTimeString() { [native code] }
info: Password reset link sent to guido@rondi.com
info: GET in /recoverChangePassword - function toLocaleTimeString() { [native code] }
info: GET in /recoverChange - function toLocaleTimeString() { [native code] }
info: GET in /js/changePassword.js - function toLocaleTimeString() { [native code] }
info: GET in /css/styles.css - function toLocaleTimeString() { [native code] }
info: GET in /js/addProductCart.js - function toLocaleTimeString() { [native code] }
info: GET in /changePass - function toLocaleTimeString() { [native code] }
info: PUT in /changePass - function toLocaleTimeString() { [native code] }
info: PUT in /api/session/changePass - function toLocaleTimeString() { [native code] }
info: GET in /recoverPassword - function toLocaleTimeString() { [native code] }
info: GET in /js/recoverPassword.js - function toLocaleTimeString() { [native code] }
info: GET in /css/styles.css - function toLocaleTimeString() { [native code] }
info: GET in /js/addProductCart.js - function toLocaleTimeString() { [native code] }
info: GET in /recoverChang - function toLocaleTimeString() { [native code] }
info: GET in /recoverChangw - function toLocaleTimeString() { [native code] }
info: GET in /recoverChange - function toLocaleTimeString() { [native code] }
info: GET in /css/styles.css - function toLocaleTimeString() { [native code] }
info: GET in /js/changePassword.js - function toLocaleTimeString() { [native code] }
info: GET in /js/addProductCart.js - function toLocaleTimeString() { [native code] }
info: GET in /recoverPassword - function toLocaleTimeString() { [native code] }
info: GET in /css/styles.css - function toLocaleTimeString() { [native code] }
info: GET in /js/addProductCart.js - function toLocaleTimeString() { [native code] }
info: GET in /js/recoverPassword.js - function toLocaleTimeString() { [native code] }
info: GET in /recoverChange - function toLocaleTimeString() { [native code] }
info: GET in /css/styles.css - function toLocaleTimeString() { [native code] }
info: GET in /js/changePassword.js - function toLocaleTimeString() { [native code] }
info: GET in /js/addProductCart.js - function toLocaleTimeString() { [native code] }
info: GET in /recoverChange - function toLocaleTimeString() { [native code] }
info: GET in /css/styles.css - function toLocaleTimeString() { [native code] }
info: GET in /js/changePassword.js - function toLocaleTimeString() { [native code] }
info: GET in /js/addProductCart.js - function toLocaleTimeString() { [native code] }
info: GET in /recoverChange - function toLocaleTimeString() { [native code] }
info: GET in /css/styles.css - function toLocaleTimeString() { [native code] }
info: GET in /js/changePassword.js - function toLocaleTimeString() { [native code] }
info: GET in /js/addProductCart.js - function toLocaleTimeString() { [native code] }
info: GET in / - function toLocaleTimeString() { [native code] }
info: GET in /login - function toLocaleTimeString() { [native code] }
info: GET in /css/styles.css - function toLocaleTimeString() { [native code] }
info: GET in /js/login.js - function toLocaleTimeString() { [native code] }
info: GET in /js/addProductCart.js - function toLocaleTimeString() { [native code] }
info: GET in /favicon.ico - function toLocaleTimeString() { [native code] }
info: POST in /api/session/login - function toLocaleTimeString() { [native code] }
info: GET in /products - function toLocaleTimeString() { [native code] }
info: GET in /api/products - function toLocaleTimeString() { [native code] }
info: GET in /api/products - function toLocaleTimeString() { [native code] }
info: GET in /api/products - function toLocaleTimeString() { [native code] }
info: GET in /login - function toLocaleTimeString() { [native code] }
info: GET in /css/styles.css - function toLocaleTimeString() { [native code] }
info: GET in /js/login.js - function toLocaleTimeString() { [native code] }
info: GET in /js/addProductCart.js - function toLocaleTimeString() { [native code] }
info: POST in /api/session/login - function toLocaleTimeString() { [native code] }
info: GET in /products - function toLocaleTimeString() { [native code] }
info: GET in /api/prodaucts - function toLocaleTimeString() { [native code] }
info: GET in /api/products - function toLocaleTimeString() { [native code] }
info: GET in /api/products - function toLocaleTimeString() { [native code] }
info: GET in /login - function toLocaleTimeString() { [native code] }
info: GET in /api/products - function toLocaleTimeString() { [native code] }
info: GET in /api/cart - function toLocaleTimeString() { [native code] }
info: GET in /cart - function toLocaleTimeString() { [native code] }
info: GET in / - function toLocaleTimeString() { [native code] }
info: GET in /login - function toLocaleTimeString() { [native code] }
info: GET in /css/styles.css - function toLocaleTimeString() { [native code] }
info: GET in /js/login.js - function toLocaleTimeString() { [native code] }
info: GET in /js/addProductCart.js - function toLocaleTimeString() { [native code] }
info: GET in /authSession/github - function toLocaleTimeString() { [native code] }
info: GET in /authSession/github - function toLocaleTimeString() { [native code] }
info: GET in /login - function toLocaleTimeString() { [native code] }
info: GET in /css/styles.css - function toLocaleTimeString() { [native code] }
info: GET in /js/login.js - function toLocaleTimeString() { [native code] }
info: GET in /js/addProductCart.js - function toLocaleTimeString() { [native code] }
info: GET in /authGithub/github - function toLocaleTimeString() { [native code] }
info: GET in /authGithub/githubSession?code=7a8149a5475407f7d75d - function toLocaleTimeString() { [native code] }
info: GET in /api/products - function toLocaleTimeString() { [native code] }
info: GET in /products - function toLocaleTimeString() { [native code] }
info: GET in /api/products - function toLocaleTimeString() { [native code] }
info: GET in /css/styles.css - function toLocaleTimeString() { [native code] }
info: GET in /js/addProductCart.js - function toLocaleTimeString() { [native code] }
info: GET in /img/xiaomi.jpg - function toLocaleTimeString() { [native code] }
info: GET in /img/iphone.jpg - function toLocaleTimeString() { [native code] }
info: GET in /img/galaxy.jpg - function toLocaleTimeString() { [native code] }
info: GET in /img/edge.jpg - function toLocaleTimeString() { [native code] }
info: GET in /carts/ - function toLocaleTimeString() { [native code] }
info: GET in /api/session/logout - function toLocaleTimeString() { [native code] }
info: GET in / - function toLocaleTimeString() { [native code] }
info: GET in /login - function toLocaleTimeString() { [native code] }
info: GET in /css/styles.css - function toLocaleTimeString() { [native code] }
info: GET in /js/login.js - function toLocaleTimeString() { [native code] }
info: GET in /js/addProductCart.js - function toLocaleTimeString() { [native code] }
info: GET in /register - function toLocaleTimeString() { [native code] }
info: GET in /js/register.js - function toLocaleTimeString() { [native code] }
info: GET in /css/styles.css - function toLocaleTimeString() { [native code] }
info: GET in /js/addProductCart.js - function toLocaleTimeString() { [native code] }
info: GET in / - function toLocaleTimeString() { [native code] }
info: GET in /login - function toLocaleTimeString() { [native code] }
info: GET in /css/styles.css - function toLocaleTimeString() { [native code] }
info: GET in /js/login.js - function toLocaleTimeString() { [native code] }
info: GET in /js/addProductCart.js - function toLocaleTimeString() { [native code] }
info: GET in /recoverPassword - function toLocaleTimeString() { [native code] }
info: GET in /css/styles.css - function toLocaleTimeString() { [native code] }
info: GET in /js/recoverPassword.js - function toLocaleTimeString() { [native code] }
info: GET in /js/addProductCart.js - function toLocaleTimeString() { [native code] }
info: GET in /recoverChange - function toLocaleTimeString() { [native code] }
info: GET in /recoverChange - function toLocaleTimeString() { [native code] }
info: GET in /recoverChangePassword - function toLocaleTimeString() { [native code] }
info: GET in /recoverPassword - function toLocaleTimeString() { [native code] }
info: GET in /css/styles.css - function toLocaleTimeString() { [native code] }
info: GET in /js/recoverPassword.js - function toLocaleTimeString() { [native code] }
info: GET in /js/addProductCart.js - function toLocaleTimeString() { [native code] }
info: GET in /login - function toLocaleTimeString() { [native code] }
info: GET in /css/styles.css - function toLocaleTimeString() { [native code] }
info: GET in /js/addProductCart.js - function toLocaleTimeString() { [native code] }
info: GET in /js/login.js - function toLocaleTimeString() { [native code] }
info: GET in /login - function toLocaleTimeString() { [native code] }
info: GET in /css/styles.css - function toLocaleTimeString() { [native code] }
info: GET in /js/login.js - function toLocaleTimeString() { [native code] }
info: GET in /js/addProductCart.js - function toLocaleTimeString() { [native code] }
info: GET in /login - function toLocaleTimeString() { [native code] }
info: GET in /css/styles.css - function toLocaleTimeString() { [native code] }
info: GET in /js/login.js - function toLocaleTimeString() { [native code] }
info: GET in /js/addProductCart.js - function toLocaleTimeString() { [native code] }
info: GET in /login - function toLocaleTimeString() { [native code] }
info: GET in /css/styles.css - function toLocaleTimeString() { [native code] }
info: GET in /js/login.js - function toLocaleTimeString() { [native code] }
info: GET in /js/addProductCart.js - function toLocaleTimeString() { [native code] }
info: GET in /login - function toLocaleTimeString() { [native code] }
info: GET in /css/styles.css - function toLocaleTimeString() { [native code] }
info: GET in /js/addProductCart.js - function toLocaleTimeString() { [native code] }
info: GET in /js/login.js - function toLocaleTimeString() { [native code] }
info: GET in /login - function toLocaleTimeString() { [native code] }
info: GET in /css/styles.css - function toLocaleTimeString() { [native code] }
info: GET in /js/login.js - function toLocaleTimeString() { [native code] }
info: GET in /js/addProductCart.js - function toLocaleTimeString() { [native code] }
info: GET in /login - function toLocaleTimeString() { [native code] }
info: GET in /css/styles.css - function toLocaleTimeString() { [native code] }
info: GET in /js/login.js - function toLocaleTimeString() { [native code] }
info: GET in /js/addProductCart.js - function toLocaleTimeString() { [native code] }
info: GET in /recoverPassword - function toLocaleTimeString() { [native code] }
info: GET in /css/styles.css - function toLocaleTimeString() { [native code] }
info: GET in /js/recoverPassword.js - function toLocaleTimeString() { [native code] }
info: GET in /js/addProductCart.js - function toLocaleTimeString() { [native code] }
info: GET in /login - function toLocaleTimeString() { [native code] }
info: GET in /css/styles.css - function toLocaleTimeString() { [native code] }
info: GET in /js/login.js - function toLocaleTimeString() { [native code] }
info: GET in /js/addProductCart.js - function toLocaleTimeString() { [native code] }
info: GET in /favicon.ico - function toLocaleTimeString() { [native code] }
info: POST in /api/session/login - function toLocaleTimeString() { [native code] }
info: GET in /products - function toLocaleTimeString() { [native code] }
info: GET in /api/products - function toLocaleTimeString() { [native code] }
info: GET in /css/styles.css - function toLocaleTimeString() { [native code] }
info: GET in /img/xiaomi.jpg - function toLocaleTimeString() { [native code] }
info: GET in /js/addProductCart.js - function toLocaleTimeString() { [native code] }
info: GET in /img/iphone.jpg - function toLocaleTimeString() { [native code] }
info: GET in /img/galaxy.jpg - function toLocaleTimeString() { [native code] }
info: GET in /img/edge.jpg - function toLocaleTimeString() { [native code] }
info: GET in /api/session/logout - function toLocaleTimeString() { [native code] }
info: GET in / - function toLocaleTimeString() { [native code] }
info: GET in /login - function toLocaleTimeString() { [native code] }
info: GET in /css/styles.css - function toLocaleTimeString() { [native code] }
info: GET in /js/login.js - function toLocaleTimeString() { [native code] }
info: GET in /js/addProductCart.js - function toLocaleTimeString() { [native code] }
info: GET in /recoverPassword - function toLocaleTimeString() { [native code] }
info: GET in /css/styles.css - function toLocaleTimeString() { [native code] }
info: GET in /js/addProductCart.js - function toLocaleTimeString() { [native code] }
info: GET in /js/recoverPassword.js - function toLocaleTimeString() { [native code] }
info: GET in /css/styles.css - function toLocaleTimeString() { [native code] }
info: GET in /api/session/recoverPasswordEmail/guido@rondi.com - function toLocaleTimeString() { [native code] }
info: Password reset link sent to guido@rondi.com
info: GET in /recoverChangePassword - function toLocaleTimeString() { [native code] }
info: GET in /recoverChange - function toLocaleTimeString() { [native code] }
info: GET in /css/styles.css - function toLocaleTimeString() { [native code] }
info: GET in /js/changePassword.js - function toLocaleTimeString() { [native code] }
info: GET in /js/addProductCart.js - function toLocaleTimeString() { [native code] }
info: PUT in /api/session/changePass - function toLocaleTimeString() { [native code] }
info: GET in / - function toLocaleTimeString() { [native code] }
info: GET in /login - function toLocaleTimeString() { [native code] }
info: GET in /css/styles.css - function toLocaleTimeString() { [native code] }
info: GET in /js/addProductCart.js - function toLocaleTimeString() { [native code] }
info: GET in /js/login.js - function toLocaleTimeString() { [native code] }
info: POST in /authGithub/githubSession - function toLocaleTimeString() { [native code] }
info: POST in /authGithub/github - function toLocaleTimeString() { [native code] }
info: POST in /authGithub/githubSession - function toLocaleTimeString() { [native code] }
info: GET in / - function toLocaleTimeString() { [native code] }
info: GET in /login - function toLocaleTimeString() { [native code] }
info: GET in /css/styles.css - function toLocaleTimeString() { [native code] }
info: GET in /js/login.js - function toLocaleTimeString() { [native code] }
info: GET in /js/addProductCart.js - function toLocaleTimeString() { [native code] }
info: GET in /favicon.ico - function toLocaleTimeString() { [native code] }
info: GET in /authGithub/github - function toLocaleTimeString() { [native code] }
info: GET in /authGithub/githubSession?code=646d7b7e90dc11e7f592 - function toLocaleTimeString() { [native code] }
info: GET in /api/products - function toLocaleTimeString() { [native code] }
info: GET in /products - function toLocaleTimeString() { [native code] }
info: GET in /api/products - function toLocaleTimeString() { [native code] }
info: GET in /css/styles.css - function toLocaleTimeString() { [native code] }
info: GET in /img/xiaomi.jpg - function toLocaleTimeString() { [native code] }
info: GET in /js/addProductCart.js - function toLocaleTimeString() { [native code] }
info: GET in /img/iphone.jpg - function toLocaleTimeString() { [native code] }
info: GET in /img/galaxy.jpg - function toLocaleTimeString() { [native code] }
info: GET in /img/edge.jpg - function toLocaleTimeString() { [native code] }
info: GET in /css/styles.css - function toLocaleTimeString() { [native code] }
info: POST in /api/products - function toLocaleTimeString() { [native code] }
info: POST in /api/products/643ef3df5e587910e77e53cb - function toLocaleTimeString() { [native code] }
info: POST in /api/products/ - function toLocaleTimeString() { [native code] }
info: GET in /api/session/logout - function toLocaleTimeString() { [native code] }
info: GET in / - function toLocaleTimeString() { [native code] }
info: GET in /login - function toLocaleTimeString() { [native code] }
info: POST in /api/session/login - function toLocaleTimeString() { [native code] }
info: POST in /api/products/ - function toLocaleTimeString() { [native code] }
info: GET in /apidocs - function toLocaleTimeString() { [native code] }
info: GET in /apidocs/ - function toLocaleTimeString() { [native code] }
info: GET in /apidocs/swagger-ui.css - function toLocaleTimeString() { [native code] }
info: GET in /apidocs/swagger-ui-bundle.js - function toLocaleTimeString() { [native code] }
info: GET in /apidocs/swagger-ui-standalone-preset.js - function toLocaleTimeString() { [native code] }
info: GET in /apidocs/swagger-ui-init.js - function toLocaleTimeString() { [native code] }
info: GET in /apidocs/swagger-ui.css.map - function toLocaleTimeString() { [native code] }
info: GET in /apidocs/swagger-ui-bundle.js.map - function toLocaleTimeString() { [native code] }
info: GET in /apidocs/swagger-ui-standalone-preset.js.map - function toLocaleTimeString() { [native code] }
info: GET in /apidocs/favicon-32x32.png - function toLocaleTimeString() { [native code] }
info: GET in /apidocs/favicon-32x32.png - function toLocaleTimeString() { [native code] }
info: DELETE in /api/products/64a5f93dee06421397c30a76 - function toLocaleTimeString() { [native code] }
info: GET in /apidocs/swagger-ui.css - function toLocaleTimeString() { [native code] }
info: GET in /apidocs/swagger-ui-bundle.js.map - function toLocaleTimeString() { [native code] }
info: GET in /apidocs/swagger-ui-standalone-preset.js.map - function toLocaleTimeString() { [native code] }
info: GET in /apidocs/swagger-ui.css.map - function toLocaleTimeString() { [native code] }
info: GET in / - function toLocaleTimeString() { [native code] }
info: GET in /api/products - function toLocaleTimeString() { [native code] }
info: GET in /css/styles.css - function toLocaleTimeString() { [native code] }
info: GET in /js/addProductCart.js - function toLocaleTimeString() { [native code] }
info: GET in /img/xiaomi.jpg - function toLocaleTimeString() { [native code] }
info: GET in /img/iphone.jpg - function toLocaleTimeString() { [native code] }
info: GET in /img/galaxy.jpg - function toLocaleTimeString() { [native code] }
info: GET in /img/edge.jpg - function toLocaleTimeString() { [native code] }
info: GET in /api/session/logout - function toLocaleTimeString() { [native code] }
info: GET in / - function toLocaleTimeString() { [native code] }
info: GET in /login - function toLocaleTimeString() { [native code] }
info: GET in /css/styles.css - function toLocaleTimeString() { [native code] }
info: GET in /js/login.js - function toLocaleTimeString() { [native code] }
info: GET in /js/addProductCart.js - function toLocaleTimeString() { [native code] }
info: POST in /api/products/ - function toLocaleTimeString() { [native code] }
info: GET in /login - function toLocaleTimeString() { [native code] }
info: GET in /css/styles.css - function toLocaleTimeString() { [native code] }
info: GET in /js/login.js - function toLocaleTimeString() { [native code] }
info: GET in /js/addProductCart.js - function toLocaleTimeString() { [native code] }
info: POST in /api/session/login - function toLocaleTimeString() { [native code] }
info: GET in /products - function toLocaleTimeString() { [native code] }
info: GET in /api/products - function toLocaleTimeString() { [native code] }
info: GET in /css/styles.css - function toLocaleTimeString() { [native code] }
info: GET in /img/xiaomi.jpg - function toLocaleTimeString() { [native code] }
info: GET in /js/addProductCart.js - function toLocaleTimeString() { [native code] }
info: GET in /img/iphone.jpg - function toLocaleTimeString() { [native code] }
info: GET in /img/galaxy.jpg - function toLocaleTimeString() { [native code] }
info: GET in /img/edge.jpg - function toLocaleTimeString() { [native code] }
info: GET in /css/styles.css - function toLocaleTimeString() { [native code] }
info: GET in /apidocs/ - function toLocaleTimeString() { [native code] }
info: GET in /apidocs/swagger-ui.css - function toLocaleTimeString() { [native code] }
info: GET in /apidocs/swagger-ui-bundle.js - function toLocaleTimeString() { [native code] }
info: GET in /apidocs/swagger-ui-standalone-preset.js - function toLocaleTimeString() { [native code] }
info: GET in /apidocs/swagger-ui-init.js - function toLocaleTimeString() { [native code] }
info: GET in /apidocs/swagger-ui.css.map - function toLocaleTimeString() { [native code] }
info: GET in /apidocs/swagger-ui-bundle.js.map - function toLocaleTimeString() { [native code] }
info: GET in /apidocs/swagger-ui-standalone-preset.js.map - function toLocaleTimeString() { [native code] }
info: GET in /apidocs/favicon-32x32.png - function toLocaleTimeString() { [native code] }
info: GET in /apidocs/favicon-32x32.png - function toLocaleTimeString() { [native code] }
info: DELETE in /api/products/64a5f93dee06421397c30a76 - function toLocaleTimeString() { [native code] }
info: GET in /apidocs/swagger-ui.css - function toLocaleTimeString() { [native code] }
info: GET in /apidocs/swagger-ui-bundle.js.map - function toLocaleTimeString() { [native code] }
info: GET in /apidocs/swagger-ui-standalone-preset.js.map - function toLocaleTimeString() { [native code] }
info: GET in /apidocs/swagger-ui.css.map - function toLocaleTimeString() { [native code] }
info: OPTIONS in /auth/login - function toLocaleTimeString() { [native code] }
info: GET in / - function toLocaleTimeString() { [native code] }
info: GET in /login - function toLocaleTimeString() { [native code] }
info: GET in /css/styles.css - function toLocaleTimeString() { [native code] }
info: GET in /js/login.js - function toLocaleTimeString() { [native code] }
info: GET in /js/addProductCart.js - function toLocaleTimeString() { [native code] }
info: GET in /favicon.ico - function toLocaleTimeString() { [native code] }
info: GET in / - function toLocaleTimeString() { [native code] }
info: GET in /login - function toLocaleTimeString() { [native code] }
info: GET in /css/styles.css - function toLocaleTimeString() { [native code] }
info: GET in /js/login.js - function toLocaleTimeString() { [native code] }
info: GET in /js/addProductCart.js - function toLocaleTimeString() { [native code] }
info: OPTIONS in /login - function toLocaleTimeString() { [native code] }
info: OPTIONS in /api/session/login - function toLocaleTimeString() { [native code] }
info: OPTIONS in /api/session/login - function toLocaleTimeString() { [native code] }
info: POST in /api/session/login - function toLocaleTimeString() { [native code] }
info: GET in /api/session/logout - function toLocaleTimeString() { [native code] }
info: GET in / - function toLocaleTimeString() { [native code] }
info: GET in /login - function toLocaleTimeString() { [native code] }
info: POST in /api/session/login - function toLocaleTimeString() { [native code] }
info: POST in /api/session/login - function toLocaleTimeString() { [native code] }
info: POST in /api/session/login - function toLocaleTimeString() { [native code] }
info: POST in /api/session/login - function toLocaleTimeString() { [native code] }
info: POST in /api/session/login - function toLocaleTimeString() { [native code] }
info: POST in /api/session/login - function toLocaleTimeString() { [native code] }
info: POST in /api/session/login - function toLocaleTimeString() { [native code] }
info: POST in /api/session/login - function toLocaleTimeString() { [native code] }
info: POST in /api/session/login - function toLocaleTimeString() { [native code] }
info: POST in /api/session/login - function toLocaleTimeString() { [native code] }
info: POST in /api/session/login - function toLocaleTimeString() { [native code] }
info: GET in /api/products?limit=undefined&page=undefined - function toLocaleTimeString() { [native code] }
info: GET in /api/products?limit=undefined&page=undefined - function toLocaleTimeString() { [native code] }
info: GET in /api/products?limit=undefined&page=undefined - function toLocaleTimeString() { [native code] }
info: GET in /api/products?limit=undefined&page=undefined - function toLocaleTimeString() { [native code] }
info: GET in /api/products?limit=undefined&page=undefined - function toLocaleTimeString() { [native code] }
info: GET in /api/products?limit=undefined&page=undefined - function toLocaleTimeString() { [native code] }
info: GET in /api/products?limit=undefined&page=undefined - function toLocaleTimeString() { [native code] }
info: GET in /api/products?limit=undefined&page=undefined - function toLocaleTimeString() { [native code] }
info: GET in /api/products?limit=undefined&page=undefined - function toLocaleTimeString() { [native code] }
info: GET in /api/products?limit=undefined&page=undefined - function toLocaleTimeString() { [native code] }
info: GET in /api/products?limit=undefined&page=undefined - function toLocaleTimeString() { [native code] }
info: POST in /api/session/login - function toLocaleTimeString() { [native code] }
info: GET in /api/products?limit=undefined&page=undefined - function toLocaleTimeString() { [native code] }
info: GET in /api/products?limit=undefined&page=undefined - function toLocaleTimeString() { [native code] }
info: GET in /api/products?limit=undefined&page=undefined - function toLocaleTimeString() { [native code] }
info: GET in /api/products?limit=undefined&page=undefined - function toLocaleTimeString() { [native code] }
info: GET in /api/products?limit=undefined&page=undefined - function toLocaleTimeString() { [native code] }
info: GET in /api/products?limit=undefined&page=undefined - function toLocaleTimeString() { [native code] }
info: GET in /api/products?limit=undefined&page=undefined - function toLocaleTimeString() { [native code] }
info: GET in /api/products?limit=undefined&page=undefined - function toLocaleTimeString() { [native code] }
info: GET in /api/products?limit=undefined&page=undefined - function toLocaleTimeString() { [native code] }
info: GET in /api/products?limit=undefined&page=undefined - function toLocaleTimeString() { [native code] }
info: GET in /api/products?limit=undefined&page=undefined - function toLocaleTimeString() { [native code] }
info: GET in /api/products?limit=undefined&page=undefined - function toLocaleTimeString() { [native code] }
info: GET in /api/products?limit=undefined&page=undefined - function toLocaleTimeString() { [native code] }
info: GET in /api/products?limit=undefined&page=undefined - function toLocaleTimeString() { [native code] }
info: GET in /api/products?limit=undefined&page=undefined - function toLocaleTimeString() { [native code] }
info: GET in /api/products?limit=undefined&page=undefined - function toLocaleTimeString() { [native code] }
info: GET in /api/products?limit=undefined&page=undefined - function toLocaleTimeString() { [native code] }
info: GET in /api/products?limit=undefined&page=undefined - function toLocaleTimeString() { [native code] }
info: GET in /api/products?limit=undefined&page=undefined - function toLocaleTimeString() { [native code] }
info: GET in /api/products?limit=undefined&page=undefined - function toLocaleTimeString() { [native code] }
info: GET in /api/products?limit=undefined&page=undefined - function toLocaleTimeString() { [native code] }
info: GET in /api/products?limit=undefined&page=undefined - function toLocaleTimeString() { [native code] }
info: GET in /api/products?limit=undefined&page=undefined - function toLocaleTimeString() { [native code] }
info: GET in /api/products?limit=undefined&page=undefined - function toLocaleTimeString() { [native code] }
info: GET in /api/products?limit=undefined&page=undefined - function toLocaleTimeString() { [native code] }
info: GET in /api/products?limit=undefined&page=undefined - function toLocaleTimeString() { [native code] }
info: GET in /api/products - function toLocaleTimeString() { [native code] }
info: GET in /api/products - function toLocaleTimeString() { [native code] }
info: GET in /api/products - function toLocaleTimeString() { [native code] }
info: GET in /api/products?limit=undefined&page=undefined - function toLocaleTimeString() { [native code] }
info: GET in /api/products?limit=undefined&page=undefined - function toLocaleTimeString() { [native code] }
info: POST in /api/session/login - function toLocaleTimeString() { [native code] }
info: GET in /api/products?limit=undefined&page=undefined - function toLocaleTimeString() { [native code] }
info: GET in /api/products?limit=undefined&page=undefined - function toLocaleTimeString() { [native code] }
info: POST in /api/session/login - function toLocaleTimeString() { [native code] }
info: GET in /api/products?limit=undefined&page=undefined - function toLocaleTimeString() { [native code] }
info: GET in /api/products?limit=undefined&page=undefined - function toLocaleTimeString() { [native code] }
info: GET in /api/products?limit=undefined&page=undefined - function toLocaleTimeString() { [native code] }
info: GET in /api/products?limit=undefined&page=undefined - function toLocaleTimeString() { [native code] }
info: GET in /api/products?limit=undefined&page=undefined - function toLocaleTimeString() { [native code] }
info: GET in /api/products?limit=undefined&page=undefined - function toLocaleTimeString() { [native code] }
info: GET in /api/products?limit=undefined&page=undefined - function toLocaleTimeString() { [native code] }
info: GET in / - function toLocaleTimeString() { [native code] }
info: GET in /login - function toLocaleTimeString() { [native code] }
info: GET in /css/styles.css - function toLocaleTimeString() { [native code] }
info: GET in /js/login.js - function toLocaleTimeString() { [native code] }
info: GET in /js/addProductCart.js - function toLocaleTimeString() { [native code] }
info: GET in /favicon.ico - function toLocaleTimeString() { [native code] }
info: POST in /api/session/login - function toLocaleTimeString() { [native code] }
info: GET in /products - function toLocaleTimeString() { [native code] }
info: GET in /api/products - function toLocaleTimeString() { [native code] }
info: GET in /img/xiaomi.jpg - function toLocaleTimeString() { [native code] }
info: GET in /css/styles.css - function toLocaleTimeString() { [native code] }
info: GET in /js/addProductCart.js - function toLocaleTimeString() { [native code] }
info: GET in /img/iphone.jpg - function toLocaleTimeString() { [native code] }
info: GET in /img/galaxy.jpg - function toLocaleTimeString() { [native code] }
info: GET in /img/edge.jpg - function toLocaleTimeString() { [native code] }
info: GET in /api/session/logout - function toLocaleTimeString() { [native code] }
info: GET in / - function toLocaleTimeString() { [native code] }
info: GET in /login - function toLocaleTimeString() { [native code] }
info: GET in /css/styles.css - function toLocaleTimeString() { [native code] }
info: GET in /js/login.js - function toLocaleTimeString() { [native code] }
info: GET in /js/addProductCart.js - function toLocaleTimeString() { [native code] }
info: GET in /api/products?limit=undefined&page=undefined - function toLocaleTimeString() { [native code] }
info: GET in /api/products?limit=undefined&page=undefined - function toLocaleTimeString() { [native code] }
info: GET in /api/products?limit=undefined&page=undefined - function toLocaleTimeString() { [native code] }
info: GET in /api/products?limit=undefined&page=undefined - function toLocaleTimeString() { [native code] }
info: GET in /api/products?limit=undefined&page=undefined - function toLocaleTimeString() { [native code] }
info: GET in /api/products?limit=undefined&page=undefined - function toLocaleTimeString() { [native code] }
info: GET in /api/products?limit=undefined&page=undefined - function toLocaleTimeString() { [native code] }
info: POST in /api/session/login - function toLocaleTimeString() { [native code] }
info: GET in /api/products?limit=undefined&page=undefined - function toLocaleTimeString() { [native code] }
info: GET in /api/products?limit=undefined&page=undefined - function toLocaleTimeString() { [native code] }
info: GET in /api/products?limit=undefined&page=undefined - function toLocaleTimeString() { [native code] }
info: GET in /api/products?limit=undefined&page=undefined - function toLocaleTimeString() { [native code] }
info: GET in /api/products?limit=undefined&page=undefined - function toLocaleTimeString() { [native code] }
info: GET in /api/products?limit=undefined&page=undefined - function toLocaleTimeString() { [native code] }
info: GET in /api/products?limit=undefined&page=undefined - function toLocaleTimeString() { [native code] }
info: GET in /api/products?limit=undefined&page=undefined - function toLocaleTimeString() { [native code] }
info: GET in /api/products?limit=undefined&page=undefined - function toLocaleTimeString() { [native code] }
info: GET in /api/products?limit=undefined&page=undefined - function toLocaleTimeString() { [native code] }
info: GET in /api/products?limit=undefined&page=undefined - function toLocaleTimeString() { [native code] }
info: POST in /api/session/login - function toLocaleTimeString() { [native code] }
info: GET in /api/products?limit=undefined&page=undefined - function toLocaleTimeString() { [native code] }
info: GET in /api/products?limit=undefined&page=undefined - function toLocaleTimeString() { [native code] }
info: GET in /api/products?limit=undefined&page=undefined - function toLocaleTimeString() { [native code] }
info: GET in /api/products?limit=undefined&page=undefined - function toLocaleTimeString() { [native code] }
info: GET in /api/products?limit=undefined&page=undefined - function toLocaleTimeString() { [native code] }
info: POST in /api/session/login - function toLocaleTimeString() { [native code] }
info: GET in /api/products?limit=undefined&page=undefined - function toLocaleTimeString() { [native code] }
info: GET in /api/products?limit=undefined&page=undefined - function toLocaleTimeString() { [native code] }
info: GET in /api/products?limit=undefined&page=undefined - function toLocaleTimeString() { [native code] }
info: GET in /api/products?limit=undefined&page=undefined - function toLocaleTimeString() { [native code] }
info: GET in /api/products?limit=undefined&page=undefined - function toLocaleTimeString() { [native code] }
info: GET in /api/products?limit=undefined&page=undefined - function toLocaleTimeString() { [native code] }
info: GET in /api/products?limit=undefined&page=undefined - function toLocaleTimeString() { [native code] }
info: GET in /api/products?limit=undefined&page=undefined - function toLocaleTimeString() { [native code] }
info: GET in /api/products?limit=undefined&page=undefined - function toLocaleTimeString() { [native code] }
info: GET in /api/products?limit=undefined&page=undefined - function toLocaleTimeString() { [native code] }
info: POST in /api/session/login - function toLocaleTimeString() { [native code] }
info: GET in /api/products?limit=undefined&page=undefined - function toLocaleTimeString() { [native code] }
info: GET in /api/products?limit=undefined&page=undefined - function toLocaleTimeString() { [native code] }
info: GET in /api/products?limit=undefined&page=undefined - function toLocaleTimeString() { [native code] }
info: GET in /api/products?limit=undefined&page=undefined - function toLocaleTimeString() { [native code] }
info: GET in /api/products?limit=undefined&page=undefined - function toLocaleTimeString() { [native code] }
info: POST in /api/session/login - function toLocaleTimeString() { [native code] }
info: GET in /api/products?limit=undefined&page=undefined - function toLocaleTimeString() { [native code] }
info: GET in /api/products?limit=undefined&page=undefined - function toLocaleTimeString() { [native code] }
info: GET in /api/products?limit=undefined&page=undefined - function toLocaleTimeString() { [native code] }
info: GET in /api/products?limit=undefined&page=undefined - function toLocaleTimeString() { [native code] }
info: GET in /api/products?limit=undefined&page=undefined - function toLocaleTimeString() { [native code] }
info: GET in /api/products?limit=undefined&page=undefined - function toLocaleTimeString() { [native code] }
info: GET in /api/products?limit=undefined&page=undefined - function toLocaleTimeString() { [native code] }
info: GET in /api/products?limit=undefined&page=undefined - function toLocaleTimeString() { [native code] }
info: POST in /api/session/login - function toLocaleTimeString() { [native code] }
info: POST in /api/session/login - function toLocaleTimeString() { [native code] }
info: GET in /api/products?limit=undefined&page=undefined - function toLocaleTimeString() { [native code] }
info: GET in /api/products?limit=undefined&page=undefined - function toLocaleTimeString() { [native code] }
info: GET in /api/products?limit=undefined&page=undefined - function toLocaleTimeString() { [native code] }
info: GET in /api/products?limit=undefined&page=undefined - function toLocaleTimeString() { [native code] }
info: GET in /api/products?limit=undefined&page=undefined - function toLocaleTimeString() { [native code] }
info: GET in /api/products?limit=undefined&page=undefined - function toLocaleTimeString() { [native code] }
info: POST in /api/session/login - function toLocaleTimeString() { [native code] }
info: GET in /api/products?limit=undefined&page=undefined - function toLocaleTimeString() { [native code] }
info: GET in /api/products?limit=undefined&page=undefined - function toLocaleTimeString() { [native code] }
info: GET in /api/products?limit=undefined&page=undefined - function toLocaleTimeString() { [native code] }
info: GET in /api/products?limit=undefined&page=undefined - function toLocaleTimeString() { [native code] }
info: GET in /api/products?limit=undefined&page=undefined - function toLocaleTimeString() { [native code] }
info: GET in /api/products?limit=undefined&page=undefined - function toLocaleTimeString() { [native code] }
info: GET in /api/products - function toLocaleTimeString() { [native code] }
info: GET in /api/products - function toLocaleTimeString() { [native code] }
info: OPTIONS in /api/products?limit=undefined&page=undefined - function toLocaleTimeString() { [native code] }
info: OPTIONS in /api/products?limit=undefined&page=undefined - function toLocaleTimeString() { [native code] }
info: OPTIONS in /api/products?limit=undefined&page=undefined - function toLocaleTimeString() { [native code] }
info: OPTIONS in /api/products?limit=undefined&page=undefined - function toLocaleTimeString() { [native code] }
info: OPTIONS in /api/products?limit=undefined&page=undefined - function toLocaleTimeString() { [native code] }
info: OPTIONS in /api/products?limit=undefined&page=undefined - function toLocaleTimeString() { [native code] }
info: OPTIONS in /api/products?limit=undefined&page=undefined - function toLocaleTimeString() { [native code] }
info: OPTIONS in /api/products?limit=undefined&page=undefined - function toLocaleTimeString() { [native code] }
info: OPTIONS in /api/products?limit=undefined&page=undefined - function toLocaleTimeString() { [native code] }
info: OPTIONS in /api/products?limit=undefined&page=undefined - function toLocaleTimeString() { [native code] }
info: OPTIONS in /api/products?limit=undefined&page=undefined - function toLocaleTimeString() { [native code] }
info: OPTIONS in /api/session/login - function toLocaleTimeString() { [native code] }
info: POST in /api/session/login - function toLocaleTimeString() { [native code] }
info: GET in /api/products?limit=undefined&page=undefined - function toLocaleTimeString() { [native code] }
info: GET in /api/products?limit=undefined&page=undefined - function toLocaleTimeString() { [native code] }
info: GET in /api/products?limit=undefined&page=undefined - function toLocaleTimeString() { [native code] }
info: GET in /api/products?limit=undefined&page=undefined - function toLocaleTimeString() { [native code] }
info: GET in /api/products?limit=undefined&page=undefined - function toLocaleTimeString() { [native code] }
info: GET in /api/products?limit=undefined&page=undefined - function toLocaleTimeString() { [native code] }
info: GET in /api/products?limit=undefined&page=undefined - function toLocaleTimeString() { [native code] }
info: GET in /api/products?limit=undefined&page=undefined - function toLocaleTimeString() { [native code] }
info: GET in /api/products?limit=undefined&page=undefined - function toLocaleTimeString() { [native code] }
info: GET in /api/products?limit=undefined&page=undefined - function toLocaleTimeString() { [native code] }
info: GET in /api/products?limit=undefined&page=undefined - function toLocaleTimeString() { [native code] }
info: GET in /api/products - function toLocaleTimeString() { [native code] }
info: GET in /api/products - function toLocaleTimeString() { [native code] }
info: GET in /api/products - function toLocaleTimeString() { [native code] }
info: GET in /api/products - function toLocaleTimeString() { [native code] }
info: GET in /api/products - function toLocaleTimeString() { [native code] }
info: GET in /api/products - function toLocaleTimeString() { [native code] }
info: GET in /api/products - function toLocaleTimeString() { [native code] }
info: GET in /api/products - function toLocaleTimeString() { [native code] }
info: GET in /api/products - function toLocaleTimeString() { [native code] }
info: GET in /api/products - function toLocaleTimeString() { [native code] }
info: GET in /api/products - function toLocaleTimeString() { [native code] }
info: GET in /api/products - function toLocaleTimeString() { [native code] }
info: GET in /api/products - function toLocaleTimeString() { [native code] }
info: GET in /api/products - function toLocaleTimeString() { [native code] }
info: GET in /api/products - function toLocaleTimeString() { [native code] }
info: GET in /api/products - function toLocaleTimeString() { [native code] }
info: GET in /api/products - function toLocaleTimeString() { [native code] }
info: GET in /api/products - function toLocaleTimeString() { [native code] }
info: GET in /api/products - function toLocaleTimeString() { [native code] }
info: GET in /api/products - function toLocaleTimeString() { [native code] }
info: GET in /api/products - function toLocaleTimeString() { [native code] }
info: GET in /api/products - function toLocaleTimeString() { [native code] }
info: GET in /api/products - function toLocaleTimeString() { [native code] }
info: GET in /api/products - function toLocaleTimeString() { [native code] }
info: GET in /api/products - function toLocaleTimeString() { [native code] }
info: GET in /api/products - function toLocaleTimeString() { [native code] }
info: GET in /api/products - function toLocaleTimeString() { [native code] }
info: GET in /api/products - function toLocaleTimeString() { [native code] }
info: GET in /api/products - function toLocaleTimeString() { [native code] }
info: GET in /api/products - function toLocaleTimeString() { [native code] }
info: GET in /api/products - function toLocaleTimeString() { [native code] }
info: GET in /api/products - function toLocaleTimeString() { [native code] }
info: GET in /api/products - function toLocaleTimeString() { [native code] }
info: GET in /api/products - function toLocaleTimeString() { [native code] }
info: GET in /api/products - function toLocaleTimeString() { [native code] }
info: GET in /api/products - function toLocaleTimeString() { [native code] }
info: GET in /api/products - function toLocaleTimeString() { [native code] }
info: GET in /api/products - function toLocaleTimeString() { [native code] }
info: GET in /api/products - function toLocaleTimeString() { [native code] }
info: GET in /api/products - function toLocaleTimeString() { [native code] }
info: GET in /api/products - function toLocaleTimeString() { [native code] }
info: GET in /api/products - function toLocaleTimeString() { [native code] }
info: GET in /api/products - function toLocaleTimeString() { [native code] }
info: GET in /api/products - function toLocaleTimeString() { [native code] }
info: GET in /api/products - function toLocaleTimeString() { [native code] }
info: GET in /api/products - function toLocaleTimeString() { [native code] }
info: GET in /api/products - function toLocaleTimeString() { [native code] }
info: GET in /api/products - function toLocaleTimeString() { [native code] }
info: GET in /api/products - function toLocaleTimeString() { [native code] }
info: GET in /api/products - function toLocaleTimeString() { [native code] }
info: GET in /api/products - function toLocaleTimeString() { [native code] }
info: GET in /api/products - function toLocaleTimeString() { [native code] }
info: GET in /api/products - function toLocaleTimeString() { [native code] }
info: GET in /api/products - function toLocaleTimeString() { [native code] }
info: GET in /api/products - function toLocaleTimeString() { [native code] }
info: GET in /api/products - function toLocaleTimeString() { [native code] }
info: GET in /api/products - function toLocaleTimeString() { [native code] }
info: GET in /api/products - function toLocaleTimeString() { [native code] }
info: GET in /api/products - function toLocaleTimeString() { [native code] }
info: GET in /api/products - function toLocaleTimeString() { [native code] }
info: GET in /api/products - function toLocaleTimeString() { [native code] }
info: GET in /api/products - function toLocaleTimeString() { [native code] }
info: GET in /api/products - function toLocaleTimeString() { [native code] }
info: GET in /api/products - function toLocaleTimeString() { [native code] }
info: GET in /api/products - function toLocaleTimeString() { [native code] }
info: POST in /upload - function toLocaleTimeString() { [native code] }
info: POST in /api/session/login - function toLocaleTimeString() { [native code] }
info: POST in /upload - function toLocaleTimeString() { [native code] }
info: POST in /api/session/login - function toLocaleTimeString() { [native code] }
info: POST in /upload - function toLocaleTimeString() { [native code] }
info: POST in /api/session/login - function toLocaleTimeString() { [native code] }
info: POST in /upload - function toLocaleTimeString() { [native code] }
info: POST in /upload - function toLocaleTimeString() { [native code] }
info: POST in /upload - function toLocaleTimeString() { [native code] }
info: POST in /api/session/login - function toLocaleTimeString() { [native code] }
info: POST in /upload - function toLocaleTimeString() { [native code] }
info: GET in /api/products - function toLocaleTimeString() { [native code] }
info: GET in /api/products - function toLocaleTimeString() { [native code] }
info: POST in /api/session/login - function toLocaleTimeString() { [native code] }
info: GET in /upload - function toLocaleTimeString() { [native code] }
info: GET in /upload/anilloRosa.jpg - function toLocaleTimeString() { [native code] }
info: POST in /upload/ - function toLocaleTimeString() { [native code] }
info: GET in /upload/20220912_133131.jpg - function toLocaleTimeString() { [native code] }
info: GET in /upload/20220912_133131.jpg - function toLocaleTimeString() { [native code] }
info: GET in /api/products - function toLocaleTimeString() { [native code] }
info: GET in /api/products - function toLocaleTimeString() { [native code] }
info: GET in /api/products - function toLocaleTimeString() { [native code] }
info: GET in /api/products - function toLocaleTimeString() { [native code] }
info: GET in /api/products - function toLocaleTimeString() { [native code] }
info: GET in /api/products - function toLocaleTimeString() { [native code] }
info: GET in /api/products - function toLocaleTimeString() { [native code] }
info: GET in /api/products - function toLocaleTimeString() { [native code] }
info: GET in /api/products - function toLocaleTimeString() { [native code] }
info: GET in /api/products - function toLocaleTimeString() { [native code] }
info: GET in /api/products - function toLocaleTimeString() { [native code] }
info: GET in /api/products - function toLocaleTimeString() { [native code] }
info: GET in /api/products - function toLocaleTimeString() { [native code] }
info: GET in /api/products - function toLocaleTimeString() { [native code] }
info: GET in /api/products - function toLocaleTimeString() { [native code] }
info: GET in /api/products - function toLocaleTimeString() { [native code] }
info: GET in /api/products - function toLocaleTimeString() { [native code] }
info: GET in /api/products - function toLocaleTimeString() { [native code] }
info: GET in /api/products - function toLocaleTimeString() { [native code] }
info: GET in /api/products - function toLocaleTimeString() { [native code] }
info: POST in /api/session/login - function toLocaleTimeString() { [native code] }
info: GET in /api/products - function toLocaleTimeString() { [native code] }
info: GET in /api/products - function toLocaleTimeString() { [native code] }
info: GET in /api/products - function toLocaleTimeString() { [native code] }
info: GET in /api/products - function toLocaleTimeString() { [native code] }
info: GET in /api/products - function toLocaleTimeString() { [native code] }
info: GET in /api/products - function toLocaleTimeString() { [native code] }
info: GET in /api/products - function toLocaleTimeString() { [native code] }
info: POST in /api/session/login - function toLocaleTimeString() { [native code] }
info: GET in /api/products - function toLocaleTimeString() { [native code] }
info: GET in /api/products - function toLocaleTimeString() { [native code] }
info: POST in /api/session/login - function toLocaleTimeString() { [native code] }
info: GET in /api/products - function toLocaleTimeString() { [native code] }
info: GET in /api/products - function toLocaleTimeString() { [native code] }
info: GET in /api/products - function toLocaleTimeString() { [native code] }
info: GET in /api/products - function toLocaleTimeString() { [native code] }
info: GET in /api/products - function toLocaleTimeString() { [native code] }
info: POST in /api/session/login - function toLocaleTimeString() { [native code] }
info: GET in /api/products - function toLocaleTimeString() { [native code] }
info: GET in /api/products - function toLocaleTimeString() { [native code] }
info: GET in /api/products - function toLocaleTimeString() { [native code] }
info: GET in /api/products - function toLocaleTimeString() { [native code] }
info: GET in /api/products - function toLocaleTimeString() { [native code] }
info: POST in /api/products - function toLocaleTimeString() { [native code] }
info: POST in /api/session/login - function toLocaleTimeString() { [native code] }
info: GET in /api/products - function toLocaleTimeString() { [native code] }
info: GET in /api/products - function toLocaleTimeString() { [native code] }
info: POST in /api/products - function toLocaleTimeString() { [native code] }
info: POST in /api/products - function toLocaleTimeString() { [native code] }
info: POST in /api/products - function toLocaleTimeString() { [native code] }
info: POST in /api/products - function toLocaleTimeString() { [native code] }
info: POST in /api/session/login - function toLocaleTimeString() { [native code] }
info: GET in /api/products - function toLocaleTimeString() { [native code] }
info: GET in /api/products - function toLocaleTimeString() { [native code] }
info: POST in /api/products - function toLocaleTimeString() { [native code] }
info: POST in /api/session/login - function toLocaleTimeString() { [native code] }
info: GET in /api/products - function toLocaleTimeString() { [native code] }
info: GET in /api/products - function toLocaleTimeString() { [native code] }
info: POST in /api/products - function toLocaleTimeString() { [native code] }
info: POST in /api/products - function toLocaleTimeString() { [native code] }
info: POST in /api/session/login - function toLocaleTimeString() { [native code] }
info: POST in /api/session/login - function toLocaleTimeString() { [native code] }
info: GET in /api/products - function toLocaleTimeString() { [native code] }
info: GET in /api/products - function toLocaleTimeString() { [native code] }
info: POST in /api/products - function toLocaleTimeString() { [native code] }
info: POST in /api/products - function toLocaleTimeString() { [native code] }
info: POST in /api/products - function toLocaleTimeString() { [native code] }
info: POST in /api/products - function toLocaleTimeString() { [native code] }
info: GET in /api/products - function toLocaleTimeString() { [native code] }
info: GET in /api/products - function toLocaleTimeString() { [native code] }
info: POST in /api/session/login - function toLocaleTimeString() { [native code] }
info: GET in /api/products - function toLocaleTimeString() { [native code] }
info: GET in /api/products - function toLocaleTimeString() { [native code] }
info: POST in /api/products - function toLocaleTimeString() { [native code] }
info: POST in /api/session/login - function toLocaleTimeString() { [native code] }
info: GET in /api/products - function toLocaleTimeString() { [native code] }
info: GET in /api/products - function toLocaleTimeString() { [native code] }
info: POST in /api/products - function toLocaleTimeString() { [native code] }
info: POST in /api/products - function toLocaleTimeString() { [native code] }
info: POST in /api/products - function toLocaleTimeString() { [native code] }
info: POST in /api/products - function toLocaleTimeString() { [native code] }
info: POST in /api/session/login - function toLocaleTimeString() { [native code] }
info: GET in /api/products - function toLocaleTimeString() { [native code] }
info: GET in /api/products - function toLocaleTimeString() { [native code] }
info: POST in /api/products - function toLocaleTimeString() { [native code] }
info: POST in /api/session/login - function toLocaleTimeString() { [native code] }
info: GET in /api/products - function toLocaleTimeString() { [native code] }
info: GET in /api/products - function toLocaleTimeString() { [native code] }
info: POST in /api/products - function toLocaleTimeString() { [native code] }
info: POST in /api/products - function toLocaleTimeString() { [native code] }
info: POST in /api/session/login - function toLocaleTimeString() { [native code] }
info: POST in /api/products - function toLocaleTimeString() { [native code] }
info: POST in /api/products - function toLocaleTimeString() { [native code] }
info: POST in /api/products - function toLocaleTimeString() { [native code] }
info: POST in /api/products - function toLocaleTimeString() { [native code] }
info: POST in /api/products - function toLocaleTimeString() { [native code] }
info: POST in /api/session/login - function toLocaleTimeString() { [native code] }
info: GET in /api/products - function toLocaleTimeString() { [native code] }
info: GET in /api/products - function toLocaleTimeString() { [native code] }
info: POST in /api/products - function toLocaleTimeString() { [native code] }
info: POST in /api/session/login - function toLocaleTimeString() { [native code] }
info: POST in /api/products - function toLocaleTimeString() { [native code] }
info: POST in /api/products - function toLocaleTimeString() { [native code] }
info: POST in /api/products - function toLocaleTimeString() { [native code] }
info: GET in /api/products - function toLocaleTimeString() { [native code] }
info: POST in /api/products - function toLocaleTimeString() { [native code] }
info: POST in /api/products - function toLocaleTimeString() { [native code] }
info: POST in /api/products - function toLocaleTimeString() { [native code] }
info: POST in /api/session/login - function toLocaleTimeString() { [native code] }
info: POST in /api/products - function toLocaleTimeString() { [native code] }
info: POST in /api/session/login - function toLocaleTimeString() { [native code] }
info: POST in /api/products - function toLocaleTimeString() { [native code] }
info: POST in /api/products - function toLocaleTimeString() { [native code] }
info: POST in /api/session/login - function toLocaleTimeString() { [native code] }
info: POST in /api/products - function toLocaleTimeString() { [native code] }
info: POST in /api/session/login - function toLocaleTimeString() { [native code] }
info: POST in /api/products - function toLocaleTimeString() { [native code] }
info: POST in /api/session/login - function toLocaleTimeString() { [native code] }
info: GET in /api/session/logout - function toLocaleTimeString() { [native code] }
info: GET in / - function toLocaleTimeString() { [native code] }
info: GET in /login - function toLocaleTimeString() { [native code] }
info: POST in /api/session/login - function toLocaleTimeString() { [native code] }
info: POST in /api/products - function toLocaleTimeString() { [native code] }
info: POST in /api/products - function toLocaleTimeString() { [native code] }
info: GET in /api/session/logout - function toLocaleTimeString() { [native code] }
info: GET in / - function toLocaleTimeString() { [native code] }
info: GET in /login - function toLocaleTimeString() { [native code] }
info: POST in /api/session/login - function toLocaleTimeString() { [native code] }
info: POST in /api/products - function toLocaleTimeString() { [native code] }
info: POST in /api/session/login - function toLocaleTimeString() { [native code] }
info: GET in /api/products - function toLocaleTimeString() { [native code] }
info: GET in /api/products - function toLocaleTimeString() { [native code] }
info: POST in /api/products - function toLocaleTimeString() { [native code] }
info: POST in /api/products - function toLocaleTimeString() { [native code] }
info: POST in /api/products - function toLocaleTimeString() { [native code] }
info: POST in /api/products - function toLocaleTimeString() { [native code] }
info: GET in /api/products - function toLocaleTimeString() { [native code] }
info: GET in /api/products - function toLocaleTimeString() { [native code] }
info: POST in /api/session/login - function toLocaleTimeString() { [native code] }
info: GET in /api/products - function toLocaleTimeString() { [native code] }
info: GET in /api/products - function toLocaleTimeString() { [native code] }
info: POST in /api/products - function toLocaleTimeString() { [native code] }
info: POST in /api/products - function toLocaleTimeString() { [native code] }
info: POST in /api/session/login - function toLocaleTimeString() { [native code] }
info: GET in /api/products - function toLocaleTimeString() { [native code] }
info: GET in /api/products - function toLocaleTimeString() { [native code] }
info: POST in /api/products - function toLocaleTimeString() { [native code] }
info: POST in /api/session/login - function toLocaleTimeString() { [native code] }
info: GET in /api/products - function toLocaleTimeString() { [native code] }
info: GET in /api/products - function toLocaleTimeString() { [native code] }
info: POST in /api/products - function toLocaleTimeString() { [native code] }
info: POST in /api/products - function toLocaleTimeString() { [native code] }
info: POST in /api/session/login - function toLocaleTimeString() { [native code] }
info: GET in /api/products - function toLocaleTimeString() { [native code] }
info: GET in /api/products - function toLocaleTimeString() { [native code] }
info: POST in /api/session/login - function toLocaleTimeString() { [native code] }
info: GET in /api/products - function toLocaleTimeString() { [native code] }
info: GET in /api/products - function toLocaleTimeString() { [native code] }
info: POST in /api/products - function toLocaleTimeString() { [native code] }
info: POST in /api/session/login - function toLocaleTimeString() { [native code] }
info: GET in /api/products - function toLocaleTimeString() { [native code] }
info: GET in /api/products - function toLocaleTimeString() { [native code] }
info: POST in /api/session/login - function toLocaleTimeString() { [native code] }
info: GET in /api/products - function toLocaleTimeString() { [native code] }
info: GET in /api/products - function toLocaleTimeString() { [native code] }
info: GET in /api/products - function toLocaleTimeString() { [native code] }
info: GET in /api/products - function toLocaleTimeString() { [native code] }
info: POST in /api/session/login - function toLocaleTimeString() { [native code] }
info: GET in /api/products - function toLocaleTimeString() { [native code] }
info: GET in /api/products - function toLocaleTimeString() { [native code] }
info: POST in /api/products - function toLocaleTimeString() { [native code] }
info: POST in /api/products - function toLocaleTimeString() { [native code] }
info: GET in /api/products - function toLocaleTimeString() { [native code] }
info: GET in /api/products - function toLocaleTimeString() { [native code] }
info: POST in /api/session/login - function toLocaleTimeString() { [native code] }
info: GET in /api/products - function toLocaleTimeString() { [native code] }
info: GET in /api/products - function toLocaleTimeString() { [native code] }
info: GET in /api/products - function toLocaleTimeString() { [native code] }
info: GET in /api/products - function toLocaleTimeString() { [native code] }
info: POST in /api/session/login - function toLocaleTimeString() { [native code] }
info: GET in /api/products - function toLocaleTimeString() { [native code] }
info: GET in /api/products - function toLocaleTimeString() { [native code] }
info: POST in /api/session/login - function toLocaleTimeString() { [native code] }
info: GET in /api/products - function toLocaleTimeString() { [native code] }
info: GET in /api/products - function toLocaleTimeString() { [native code] }
info: GET in /api/products - function toLocaleTimeString() { [native code] }
info: GET in /api/products - function toLocaleTimeString() { [native code] }
info: POST in /api/session/login - function toLocaleTimeString() { [native code] }
info: GET in /api/products - function toLocaleTimeString() { [native code] }
info: GET in /api/products - function toLocaleTimeString() { [native code] }
info: POST in /api/products - function toLocaleTimeString() { [native code] }
info: GET in /api/products - function toLocaleTimeString() { [native code] }
info: GET in /api/products - function toLocaleTimeString() { [native code] }
info: POST in /api/session/login - function toLocaleTimeString() { [native code] }
info: GET in /api/products - function toLocaleTimeString() { [native code] }
info: GET in /api/products - function toLocaleTimeString() { [native code] }
info: POST in /api/products - function toLocaleTimeString() { [native code] }
info: POST in /api/products - function toLocaleTimeString() { [native code] }
info: POST in /api/products - function toLocaleTimeString() { [native code] }
info: POST in /api/products - function toLocaleTimeString() { [native code] }
info: POST in /api/session/login - function toLocaleTimeString() { [native code] }
info: GET in /api/products - function toLocaleTimeString() { [native code] }
info: GET in /api/products - function toLocaleTimeString() { [native code] }
info: POST in /api/products - function toLocaleTimeString() { [native code] }
info: POST in /api/session/login - function toLocaleTimeString() { [native code] }
info: GET in /api/products - function toLocaleTimeString() { [native code] }
info: GET in /api/products - function toLocaleTimeString() { [native code] }
info: GET in /api/products - function toLocaleTimeString() { [native code] }
info: GET in /api/products - function toLocaleTimeString() { [native code] }
info: POST in /api/session/login - function toLocaleTimeString() { [native code] }
info: POST in /api/session/login - function toLocaleTimeString() { [native code] }
info: GET in /api/products - function toLocaleTimeString() { [native code] }
info: GET in /api/products - function toLocaleTimeString() { [native code] }
info: GET in /api/products - function toLocaleTimeString() { [native code] }
info: GET in /api/products - function toLocaleTimeString() { [native code] }
info: POST in /api/session/login - function toLocaleTimeString() { [native code] }
info: GET in /api/products - function toLocaleTimeString() { [native code] }
info: GET in /api/products - function toLocaleTimeString() { [native code] }
info: POST in /api/session/login - function toLocaleTimeString() { [native code] }
info: POST in /api/session/login - function toLocaleTimeString() { [native code] }
info: POST in /api/session/login - function toLocaleTimeString() { [native code] }
info: POST in /api/session/login - function toLocaleTimeString() { [native code] }
info: POST in /api/session/login - function toLocaleTimeString() { [native code] }
info: POST in /api/session/login - function toLocaleTimeString() { [native code] }
info: GET in /api/products - function toLocaleTimeString() { [native code] }
info: GET in /api/products - function toLocaleTimeString() { [native code] }
info: POST in /api/session/login - function toLocaleTimeString() { [native code] }
info: GET in /api/products - function toLocaleTimeString() { [native code] }
info: GET in /api/products - function toLocaleTimeString() { [native code] }
info: POST in /api/session/login - function toLocaleTimeString() { [native code] }
info: POST in /api/session/login - function toLocaleTimeString() { [native code] }
info: POST in /api/session/login - function toLocaleTimeString() { [native code] }
info: GET in /api/products - function toLocaleTimeString() { [native code] }
info: GET in /api/products - function toLocaleTimeString() { [native code] }
info: POST in /api/session/login - function toLocaleTimeString() { [native code] }
info: GET in /api/products - function toLocaleTimeString() { [native code] }
info: GET in /api/products - function toLocaleTimeString() { [native code] }
info: POST in /api/products - function toLocaleTimeString() { [native code] }
info: POST in /api/products - function toLocaleTimeString() { [native code] }
info: POST in /api/products - function toLocaleTimeString() { [native code] }
info: GET in /api/products - function toLocaleTimeString() { [native code] }
info: GET in /api/products - function toLocaleTimeString() { [native code] }
info: POST in /api/session/login - function toLocaleTimeString() { [native code] }
info: GET in /api/products - function toLocaleTimeString() { [native code] }
info: GET in /api/products - function toLocaleTimeString() { [native code] }
info: POST in /api/products - function toLocaleTimeString() { [native code] }
info: POST in /api/products - function toLocaleTimeString() { [native code] }
info: POST in /api/products - function toLocaleTimeString() { [native code] }
info: POST in /api/session/login - function toLocaleTimeString() { [native code] }
info: GET in /api/products - function toLocaleTimeString() { [native code] }
info: GET in /api/products - function toLocaleTimeString() { [native code] }
info: POST in /api/products - function toLocaleTimeString() { [native code] }
info: POST in /api/products - function toLocaleTimeString() { [native code] }
info: POST in /api/products - function toLocaleTimeString() { [native code] }
info: GET in /api/products - function toLocaleTimeString() { [native code] }
info: GET in /api/products - function toLocaleTimeString() { [native code] }
info: POST in /api/session/login - function toLocaleTimeString() { [native code] }
info: GET in /api/products - function toLocaleTimeString() { [native code] }
info: GET in /api/products - function toLocaleTimeString() { [native code] }
info: POST in /api/products - function toLocaleTimeString() { [native code] }
info: POST in /api/session/login - function toLocaleTimeString() { [native code] }
info: GET in /api/products - function toLocaleTimeString() { [native code] }
info: GET in /api/products - function toLocaleTimeString() { [native code] }
info: POST in /api/products - function toLocaleTimeString() { [native code] }
info: POST in /api/session/login - function toLocaleTimeString() { [native code] }
info: GET in /api/products - function toLocaleTimeString() { [native code] }
info: GET in /api/products - function toLocaleTimeString() { [native code] }
info: POST in /api/products - function toLocaleTimeString() { [native code] }
info: POST in /api/session/login - function toLocaleTimeString() { [native code] }
info: GET in /api/products - function toLocaleTimeString() { [native code] }
info: GET in /api/products - function toLocaleTimeString() { [native code] }
info: POST in /api/products - function toLocaleTimeString() { [native code] }
info: GET in /api/products - function toLocaleTimeString() { [native code] }
info: GET in /api/products - function toLocaleTimeString() { [native code] }
info: POST in /api/session/login - function toLocaleTimeString() { [native code] }
info: GET in /api/products - function toLocaleTimeString() { [native code] }
info: GET in /api/products - function toLocaleTimeString() { [native code] }
info: POST in /api/products - function toLocaleTimeString() { [native code] }
info: POST in /api/products - function toLocaleTimeString() { [native code] }
info: GET in /api/session/recoverPasswordEmail/:[object%20Object] - function toLocaleTimeString() { [native code] }
info: GET in /api/session/recoverPasswordEmail/:%7B%22email%22:%22admin@coder.com%22%7D - function toLocaleTimeString() { [native code] }
info: GET in /api/session/recoverPasswordEmail/:%7B%22email%22:%22admin@coder.com%22%7D - function toLocaleTimeString() { [native code] }
info: GET in /api/session/recoverPasswordEmail/:%7B%22email%22:%22admin@coder.com%22%7D - function toLocaleTimeString() { [native code] }
info: GET in /api/session/recoverPasswordEmail/:%7B%22email%22:%22admin@coder.com%22%7D - function toLocaleTimeString() { [native code] }
info: GET in /api/session/recoverPasswordEmail/:%7B%22email%22:%22admin@coder.com%22%7D - function toLocaleTimeString() { [native code] }
info: GET in /api/session/recoverPasswordEmail/:%7B%22email%22:%22%22%7D - function toLocaleTimeString() { [native code] }
info: GET in /api/session/recoverPasswordEmail/:%7B%22email%22:%22admin@coder.com%22%7D - function toLocaleTimeString() { [native code] }
info: GET in /api/session/recoverPasswordEmail/:%7B%22email%22:%22admin@coder.com%22%7D - function toLocaleTimeString() { [native code] }
info: GET in /api/session/recoverPasswordEmail/:%7B%22email%22:%22admin@coder.com%22%7D - function toLocaleTimeString() { [native code] }
info: GET in /api/session/recoverPasswordEmail/:[object%20Object] - function toLocaleTimeString() { [native code] }
info: GET in /api/session/recoverPasswordEmail/:%5Bobject%20Object%5D - function toLocaleTimeString() { [native code] }
info: GET in /api/session/recoverPasswordEmail/:%5Bobject%20Object%5D - function toLocaleTimeString() { [native code] }
info: GET in /api/session/recoverPasswordEmail/:%5Bobject%20Object%5D - function toLocaleTimeString() { [native code] }
info: GET in /api/session/recoverPasswordEmail/:%5Bobject%20Object%5D - function toLocaleTimeString() { [native code] }
info: GET in /api/session/recoverPasswordEmail/:admin@coder.com - function toLocaleTimeString() { [native code] }
info: GET in /api/session/recoverPasswordEmail/admin@coder.com - function toLocaleTimeString() { [native code] }
info: Password reset link sent to admin@coder.com
info: GET in /api/session/recoverPasswordEmail/federicodinuzzo98@gmail.com - function toLocaleTimeString() { [native code] }
info: GET in /api/session/recoverPasswordEmail/federicodinuzzo98@gmail.com - function toLocaleTimeString() { [native code] }
info: GET in /api/session/recoverPasswordEmail/Federicodinuzzo98@gmail.com - function toLocaleTimeString() { [native code] }
info: Password reset link sent to Federicodinuzzo98@gmail.com
info: GET in /api/session/recoverPasswordEmail/admin@coder.com - function toLocaleTimeString() { [native code] }
info: Password reset link sent to admin@coder.com
info: GET in /api/session/recoverPasswordEmail/admin@coder.com - function toLocaleTimeString() { [native code] }
info: Password reset link sent to admin@coder.com
info: GET in /api/session/recoverPasswordEmail/admin@coder.com - function toLocaleTimeString() { [native code] }
info: Password reset link sent to admin@coder.com
info: GET in /api/session/recoverPasswordEmail/admin@coder.com - function toLocaleTimeString() { [native code] }
info: Password reset link sent to admin@coder.com
info: GET in /api/session/recoverPasswordEmail/admin@coder.com - function toLocaleTimeString() { [native code] }
info: Password reset link sent to admin@coder.com
info: GET in /api/session/recoverPasswordEmail/admin@coder.com - function toLocaleTimeString() { [native code] }
info: Password reset link sent to admin@coder.com
info: GET in /api/session/recoverPasswordEmail/admin@coder.com - function toLocaleTimeString() { [native code] }
info: Password reset link sent to admin@coder.com
info: GET in /api/session/recoverPasswordEmail/admin@coder.com - function toLocaleTimeString() { [native code] }
info: Password reset link sent to admin@coder.com
info: GET in /api/session/recoverPasswordEmail/admin@coder.com - function toLocaleTimeString() { [native code] }
info: Password reset link sent to admin@coder.com
info: POST in /api/session/login - function toLocaleTimeString() { [native code] }
info: OPTIONS in /api/session/login - function toLocaleTimeString() { [native code] }
info: OPTIONS in /api/session/login - function toLocaleTimeString() { [native code] }
info: OPTIONS in /api/session/login - function toLocaleTimeString() { [native code] }
info: OPTIONS in /api/session/login - function toLocaleTimeString() { [native code] }
info: POST in /api/session/login - function toLocaleTimeString() { [native code] }
info: GET in /api/products - function toLocaleTimeString() { [native code] }
info: GET in /api/products - function toLocaleTimeString() { [native code] }
info: GET in /api/products - function toLocaleTimeString() { [native code] }
info: GET in /api/products - function toLocaleTimeString() { [native code] }
info: POST in /api/session/login - function toLocaleTimeString() { [native code] }
info: GET in /api/products - function toLocaleTimeString() { [native code] }
info: GET in /api/products - function toLocaleTimeString() { [native code] }
info: POST in /api/session/login - function toLocaleTimeString() { [native code] }
info: POST in /api/session/login - function toLocaleTimeString() { [native code] }
info: POST in /api/session/login - function toLocaleTimeString() { [native code] }
info: POST in /api/session/login - function toLocaleTimeString() { [native code] }
info: POST in /api/session/login - function toLocaleTimeString() { [native code] }
info: POST in /api/session/login - function toLocaleTimeString() { [native code] }
info: POST in /api/session/login - function toLocaleTimeString() { [native code] }
info: POST in /api/session/login - function toLocaleTimeString() { [native code] }
info: POST in /api/session/login - function toLocaleTimeString() { [native code] }
info: POST in /api/session/login - function toLocaleTimeString() { [native code] }
info: POST in /api/session/login - function toLocaleTimeString() { [native code] }
info: POST in /api/session/login - function toLocaleTimeString() { [native code] }
info: POST in /api/session/login - function toLocaleTimeString() { [native code] }
info: POST in /api/session/login - function toLocaleTimeString() { [native code] }
info: POST in /api/products - function toLocaleTimeString() { [native code] }
info: POST in /api/session/login - function toLocaleTimeString() { [native code] }
info: POST in /api/products - function toLocaleTimeString() { [native code] }
info: POST in /api/products - function toLocaleTimeString() { [native code] }
info: POST in /api/products - function toLocaleTimeString() { [native code] }
info: POST in /api/products - function toLocaleTimeString() { [native code] }
info: POST in /api/session/login - function toLocaleTimeString() { [native code] }
info: POST in /api/products - function toLocaleTimeString() { [native code] }
info: POST in /api/products - function toLocaleTimeString() { [native code] }
info: POST in /api/products - function toLocaleTimeString() { [native code] }
info: GET in /api/products - function toLocaleTimeString() { [native code] }
info: GET in /api/products - function toLocaleTimeString() { [native code] }
info: POST in /api/session/login - function toLocaleTimeString() { [native code] }
info: POST in /api/products - function toLocaleTimeString() { [native code] }
info: POST in /api/products - function toLocaleTimeString() { [native code] }
info: POST in /api/products - function toLocaleTimeString() { [native code] }
info: GET in /api/products - function toLocaleTimeString() { [native code] }
info: GET in /api/products - function toLocaleTimeString() { [native code] }
info: POST in /api/session/login - function toLocaleTimeString() { [native code] }
info: POST in /api/products - function toLocaleTimeString() { [native code] }
info: POST in /api/products - function toLocaleTimeString() { [native code] }
info: POST in /api/session/login - function toLocaleTimeString() { [native code] }
info: POST in /api/products - function toLocaleTimeString() { [native code] }
info: GET in /api/products - function toLocaleTimeString() { [native code] }
info: GET in /api/products - function toLocaleTimeString() { [native code] }
info: POST in /api/session/login - function toLocaleTimeString() { [native code] }
info: POST in /api/session/login - function toLocaleTimeString() { [native code] }
info: POST in /api/products - function toLocaleTimeString() { [native code] }
info: POST in /api/products - function toLocaleTimeString() { [native code] }
info: POST in /api/products - function toLocaleTimeString() { [native code] }
info: POST in /api/products - function toLocaleTimeString() { [native code] }
info: POST in /api/products - function toLocaleTimeString() { [native code] }
info: POST in /api/session/login - function toLocaleTimeString() { [native code] }
info: POST in /api/session/login - function toLocaleTimeString() { [native code] }
info: POST in /api/products - function toLocaleTimeString() { [native code] }
info: POST in /api/products - function toLocaleTimeString() { [native code] }
info: POST in /api/products - function toLocaleTimeString() { [native code] }
info: POST in /api/products - function toLocaleTimeString() { [native code] }
info: POST in /api/products - function toLocaleTimeString() { [native code] }
info: POST in /api/session/login - function toLocaleTimeString() { [native code] }
info: POST in /api/products - function toLocaleTimeString() { [native code] }
info: POST in /api/products - function toLocaleTimeString() { [native code] }
info: POST in /api/products - function toLocaleTimeString() { [native code] }
info: POST in /api/session/login - function toLocaleTimeString() { [native code] }
info: POST in /api/products - function toLocaleTimeString() { [native code] }
info: POST in /api/products - function toLocaleTimeString() { [native code] }
info: POST in /api/products - function toLocaleTimeString() { [native code] }
info: POST in /api/session/login - function toLocaleTimeString() { [native code] }
info: POST in /api/products - function toLocaleTimeString() { [native code] }
info: POST in /api/products - function toLocaleTimeString() { [native code] }
info: POST in /api/session/login - function toLocaleTimeString() { [native code] }
info: POST in /api/products - function toLocaleTimeString() { [native code] }
info: POST in /api/session/login - function toLocaleTimeString() { [native code] }
info: POST in /api/products - function toLocaleTimeString() { [native code] }
info: POST in /api/session/login - function toLocaleTimeString() { [native code] }
info: POST in /api/session/login - function toLocaleTimeString() { [native code] }
info: POST in /api/session/login - function toLocaleTimeString() { [native code] }
info: POST in /api/session/login - function toLocaleTimeString() { [native code] }
info: POST in /api/session/login - function toLocaleTimeString() { [native code] }
info: POST in /api/session/login - function toLocaleTimeString() { [native code] }
info: POST in /api/session/login - function toLocaleTimeString() { [native code] }
info: POST in /api/session/login - function toLocaleTimeString() { [native code] }
info: POST in /api/session/login - function toLocaleTimeString() { [native code] }
info: POST in /api/session/login - function toLocaleTimeString() { [native code] }
info: POST in /api/session/login - function toLocaleTimeString() { [native code] }
info: POST in /api/session/login - function toLocaleTimeString() { [native code] }
info: POST in /api/session/login - function toLocaleTimeString() { [native code] }
info: POST in /api/session/login - function toLocaleTimeString() { [native code] }
info: POST in /api/session/login - function toLocaleTimeString() { [native code] }
info: POST in /api/session/login - function toLocaleTimeString() { [native code] }
info: POST in /api/session/login - function toLocaleTimeString() { [native code] }
info: POST in /api/session/login - function toLocaleTimeString() { [native code] }
info: POST in /api/session/login - function toLocaleTimeString() { [native code] }
info: POST in /api/session/login - function toLocaleTimeString() { [native code] }
info: POST in /api/session/login - function toLocaleTimeString() { [native code] }
info: POST in /api/session/login - function toLocaleTimeString() { [native code] }
info: POST in /api/session/login - function toLocaleTimeString() { [native code] }
info: POST in /api/session/login - function toLocaleTimeString() { [native code] }
info: POST in /api/session/login - function toLocaleTimeString() { [native code] }
info: GET in /api/products - function toLocaleTimeString() { [native code] }
info: GET in /api/products - function toLocaleTimeString() { [native code] }
info: POST in /api/products - function toLocaleTimeString() { [native code] }
info: POST in /api/session/login - function toLocaleTimeString() { [native code] }
info: GET in /api/products - function toLocaleTimeString() { [native code] }
info: GET in /api/products - function toLocaleTimeString() { [native code] }
info: POST in /api/products - function toLocaleTimeString() { [native code] }
info: GET in /api/products - function toLocaleTimeString() { [native code] }
info: GET in /api/products - function toLocaleTimeString() { [native code] }
info: GET in /api/products - function toLocaleTimeString() { [native code] }
info: GET in /api/products - function toLocaleTimeString() { [native code] }
info: POST in /api/session/login - function toLocaleTimeString() { [native code] }
info: GET in /api/products - function toLocaleTimeString() { [native code] }
info: GET in /api/products - function toLocaleTimeString() { [native code] }
info: POST in /api/products - function toLocaleTimeString() { [native code] }
info: POST in /api/session/login - function toLocaleTimeString() { [native code] }
info: GET in /api/products - function toLocaleTimeString() { [native code] }
info: GET in /api/products - function toLocaleTimeString() { [native code] }
info: POST in /api/products - function toLocaleTimeString() { [native code] }
info: POST in /api/session/login - function toLocaleTimeString() { [native code] }
info: GET in /api/products - function toLocaleTimeString() { [native code] }
info: GET in /api/products - function toLocaleTimeString() { [native code] }
info: POST in /api/products - function toLocaleTimeString() { [native code] }
info: POST in /api/products - function toLocaleTimeString() { [native code] }
info: POST in /api/products - function toLocaleTimeString() { [native code] }
info: POST in /api/session/login - function toLocaleTimeString() { [native code] }
info: GET in /api/products - function toLocaleTimeString() { [native code] }
info: GET in /api/products - function toLocaleTimeString() { [native code] }
info: POST in /api/products - function toLocaleTimeString() { [native code] }
info: POST in /api/products - function toLocaleTimeString() { [native code] }
info: POST in /api/session/login - function toLocaleTimeString() { [native code] }
info: GET in /api/products - function toLocaleTimeString() { [native code] }
info: GET in /api/products - function toLocaleTimeString() { [native code] }
info: POST in /api/products - function toLocaleTimeString() { [native code] }
info: POST in /api/session/login - function toLocaleTimeString() { [native code] }
info: GET in /api/products - function toLocaleTimeString() { [native code] }
info: GET in /api/products - function toLocaleTimeString() { [native code] }
info: POST in /api/products - function toLocaleTimeString() { [native code] }
info: POST in /api/session/login - function toLocaleTimeString() { [native code] }
info: GET in /api/products - function toLocaleTimeString() { [native code] }
info: GET in /api/products - function toLocaleTimeString() { [native code] }
info: POST in /api/products - function toLocaleTimeString() { [native code] }
info: POST in /api/session/login - function toLocaleTimeString() { [native code] }
info: GET in /api/products - function toLocaleTimeString() { [native code] }
info: GET in /api/products - function toLocaleTimeString() { [native code] }
info: POST in /api/products - function toLocaleTimeString() { [native code] }
info: POST in /api/session/login - function toLocaleTimeString() { [native code] }
info: GET in /api/products - function toLocaleTimeString() { [native code] }
info: GET in /api/products - function toLocaleTimeString() { [native code] }
info: POST in /api/products - function toLocaleTimeString() { [native code] }
info: POST in /api/products - function toLocaleTimeString() { [native code] }
info: POST in /api/session/login - function toLocaleTimeString() { [native code] }
info: GET in /api/products - function toLocaleTimeString() { [native code] }
info: GET in /api/products - function toLocaleTimeString() { [native code] }
info: POST in /api/products - function toLocaleTimeString() { [native code] }
info: POST in /api/products - function toLocaleTimeString() { [native code] }
info: POST in /api/session/login - function toLocaleTimeString() { [native code] }
info: GET in /api/products - function toLocaleTimeString() { [native code] }
info: GET in /api/products - function toLocaleTimeString() { [native code] }
info: POST in /api/products - function toLocaleTimeString() { [native code] }
info: POST in /api/session/login - function toLocaleTimeString() { [native code] }
info: GET in /api/products - function toLocaleTimeString() { [native code] }
info: GET in /api/products - function toLocaleTimeString() { [native code] }
info: POST in /api/products - function toLocaleTimeString() { [native code] }
info: POST in /api/session/login - function toLocaleTimeString() { [native code] }
info: GET in /api/products - function toLocaleTimeString() { [native code] }
info: GET in /api/products - function toLocaleTimeString() { [native code] }
info: POST in /api/products - function toLocaleTimeString() { [native code] }
info: GET in /api/products - function toLocaleTimeString() { [native code] }
info: GET in /api/products - function toLocaleTimeString() { [native code] }
info: POST in /api/session/login - function toLocaleTimeString() { [native code] }
info: GET in /api/products - function toLocaleTimeString() { [native code] }
info: GET in /api/products - function toLocaleTimeString() { [native code] }
